Arguments: 
  C:\Program Files\nodejs\node.exe C:\Program Files (x86)\Yarn\bin\yarn.js add react-video-recorder react react-dom prop-types styled-components

PATH: 
  C:\Python39\Scripts\;C:\Python39\;C:\Program Files (x86)\Common Files\Oracle\Java\javapath;C:\WINDOWS\system32;C:\WINDOWS;C:\WINDOWS\System32\Wbem;C:\WINDOWS\System32\WindowsPowerShell\v1.0\;C:\WINDOWS\System32\OpenSSH\;C:\Program Files\Microsoft VS Code\bin;C:\Program Files\Microsoft\Web Platform Installer\;D:\adt-bundle-windows-x86_64-20140702\sdk\platform-tools;D:\adt-bundle-windows-x86_64-20140702\sdk\tools;C:\Users\LENOVO\AppData\Roaming\npm;C:\Users\LENOVO\AppData\Local\Microsoft\WindowsApps;C:\Program Files\SourceGear\Common\DiffMerge\;C:\WINDOWS\system32;C:\WINDOWS;C:\WINDOWS\System32\Wbem;C:\WINDOWS\System32\WindowsPowerShell\v1.0\;C:\WINDOWS\System32\OpenSSH\;C:\localhost\bin\php\php7.3.12;C:\Program Files\Symfony;C:\Program Files\Git\cmd;C:\composer;C:\ProgramData\chocolatey\bin;C:\Program Files (x86)\Yarn\bin\;C:\Program Files\PuTTY\;C:\Program Files\nodejs\;D:\adt-bundle-windows-x86_64-20140702\sdk\platform-tools;D:\adt-bundle-windows-x86_64-20140702\sdk\tools;C:\Program Files\Microsoft VS Code\bin;C:\Users\LENOVO\AppData\Local\Microsoft\WindowsApps;C:\Users\LENOVO\AppData\Roaming\Composer\vendor\bin;C:\Users\LENOVO\AppData\Local\Yarn\bin;C:\Users\LENOVO\AppData\Roaming\npm

Yarn version: 
  1.22.5

Node version: 
  15.10.0

Platform: 
  win32 x64

Trace: 
  Error: https://registry.yarnpkg.com/@material-ui/icons/-/icons-4.11.2.tgz: ESOCKETTIMEDOUT
      at ClientRequest.<anonymous> (C:\Program Files (x86)\Yarn\lib\cli.js:141376:19)
      at Object.onceWrapper (node:events:484:28)
      at ClientRequest.emit (node:events:378:20)
      at TLSSocket.emitRequestTimeout (node:_http_client:780:9)
      at Object.onceWrapper (node:events:484:28)
      at TLSSocket.emit (node:events:390:22)
      at TLSSocket.Socket._onTimeout (node:net:480:8)
      at listOnTimeout (node:internal/timers:557:17)
      at processTimers (node:internal/timers:500:7)

npm manifest: 
  {
    "name": "un_app",
    "version": "0.1.0",
    "private": true,
    "homepage": "https://uism-tn.com",
    "dependencies": {
      "@date-io/date-fns": "^1.3.13",
      "@date-io/luxon": "^1.3.13",
      "@date-io/moment": "^1.3.13",
      "@devexpress/dx-react-chart": "^2.7.3",
      "@devexpress/dx-react-core": "^2.7.4",
      "@devexpress/dx-react-scheduler": "^2.7.4",
      "@devexpress/dx-react-scheduler-material-ui": "^2.7.4",
      "@fullcalendar/core": "^5.4.0",
      "@fullcalendar/daygrid": "^5.4.0",
      "@fullcalendar/interaction": "^5.4.0",
      "@fullcalendar/react": "^5.4.0",
      "@material-ui/core": "^4.11.0",
      "@material-ui/icons": "^4.9.1",
      "@material-ui/lab": "^4.0.0-alpha.56",
      "@syncfusion/ej2-react-grids": "^18.4.39",
      "@syncfusion/ej2-react-schedule": "^18.3.50",
      "@testing-library/jest-dom": "^4.2.4",
      "@testing-library/react": "^9.5.0",
      "@testing-library/user-event": "^7.2.1",
      "@types/history": "^4.7.8",
      "axios": "^0.20.0",
      "bootstrap": "^4.5.3",
      "bootstrap-icons": "^1.0.0",
      "bootstrap-v4-rtl": "^4.5.2-1",
      "bootstrap4-toggle": "^3.6.1",
      "counterpart": "^0.18.6",
      "date-fns": "^2.16.1",
      "faker": "^5.1.0",
      "history": "^5.0.0",
      "i18next": "^19.8.2",
      "image-exists": "^1.1.0",
      "install": "^0.13.0",
      "jquery": "^3.5.1",
      "luxon": "^1.25.0",
      "material-ui": "^1.0.0-beta.47",
      "mdbreact": "^4.27.0",
      "moment": "^2.29.1",
      "peerjs": "^1.3.1",
      "query-string": "^4.3.4",
      "react": "^16.14.0",
      "react-bootstrap": "^1.3.0",
      "react-bootstrap-icons": "^1.0.0",
      "react-bootstrap-table-next": "^4.0.3",
      "react-bootstrap-table2-editor": "^1.4.0",
      "react-bootstrap-table2-paginator": "^2.1.2",
      "react-bootstrap-table2-toolkit": "^2.1.3",
      "react-clear-cache": "^1.3.2",
      "react-dom": "^16.13.1",
      "react-download-link": "^2.3.0",
      "react-drag-drawer": "^3.3.4",
      "react-hook-form": "^6.9.5",
      "react-i18next": "^11.7.3",
      "react-icons": "^3.11.0",
      "react-interpolate-component": "^0.12.0",
      "react-modal": "^3.12.1",
      "react-router-config": "^5.1.1",
      "react-router-dom": "^5.2.0",
      "react-scripts": "3.4.3",
      "react-select": "^3.1.0",
      "react-spring": "^8.0.27",
      "react-tooltip": "^4.2.11",
      "react-translate-component": "^0.15.1",
      "reactjs-popup": "^2.0.4",
      "recordrtc": "^5.6.1",
      "simple-peer": "^9.6.2",
      "socket.io-client": "^3.0.5",
      "styled-components": "^5.2.1",
      "use-object-url": "^1.0.0",
      "use-query-string": "^2.3.0",
      "xhr": "^2.5.0"
    },
    "scripts": {
      "start": "react-scripts start",
      "build": "react-scripts build",
      "test": "react-scripts test",
      "eject": "react-scripts eject"
    },
    "eslintConfig": {
      "extends": "react-app"
    },
    "browserslist": {
      "production": [
        ">0.2%",
        "not dead",
        "not op_mini all"
      ],
      "development": [
        "last 1 chrome version",
        "last 1 firefox version",
        "last 1 safari version"
      ]
    },
    "main": "index.js",
    "author": "Firas <firas.bouacida@gmail.com>",
    "license": "MIT",
    "devDependencies": {
      "electro": "^2.1.1",
      "electron": "^12.0.0"
    }
  }

yarn manifest: 
  No manifest

Lockfile: 
  No lockfile
